{
  "stats": {
    "suites": 2,
    "tests": 8,
    "passes": 4,
    "pending": 4,
    "failures": 0,
    "testsRegistered": 8,
    "passPercent": 50,
    "pendingPercent": 50,
    "other": 0,
    "hasOther": false,
    "skipped": 0,
    "hasSkipped": false,
    "start": "2025-07-02T17:55:42.312Z",
    "end": "2025-07-02T17:55:53.781Z",
    "duration": 11469
  },
  "results": [
    {
      "uuid": "388576a4-d3fe-4878-840a-0b27be6c1e69",
      "title": "",
      "fullFile": "cypress/e2e/TestCases/InterestCalulatorTest.cy.ts",
      "file": "cypress/e2e/TestCases/InterestCalulatorTest.cy.ts",
      "beforeHooks": [],
      "afterHooks": [],
      "tests": [],
      "suites": [
        {
          "uuid": "ba6ba4be-de23-4727-9cb8-b4bd68987629",
          "title": "Interest Calculator Functionality",
          "fullFile": "",
          "file": "",
          "beforeHooks": [],
          "afterHooks": [],
          "tests": [
            {
              "title": "Should calculate interest correctly - Happy path",
              "fullTitle": "Interest Calculator Functionality Should calculate interest correctly - Happy path",
              "timedOut": null,
              "duration": 2214,
              "state": "passed",
              "speed": "fast",
              "pass": true,
              "fail": false,
              "pending": false,
              "context": null,
              "code": "const principalAmount = 10000;\nconst interestRate = 9;\nconst interestDuration = 'Monthly';\ncy.log(`Selecting principal amount: ${principalAmount}`);\ninterestCalculatorPage.selectPrincipalAmount(principalAmount);\ncy.log(`Selecting interest rate: ${interestRate}%`);\ninterestCalculatorPage.clickSelectInterestRateDropdownButton();\ninterestCalculatorPage.selectInterestRateCheckbox(interestRate);\nutilities.clickOutsideBody();\ncy.log(`Selecting interest duration: ${interestDuration}`);\ninterestCalculatorPage.selectInterestDuration(interestDuration);\ncy.log('Clicking mandatory consent checkbox');\ninterestCalculatorPage.clickMandatoryConsentCheckbox();\ninterestCalculatorPage.clickCalculateButton();\ncy.log('Asserting total amount with interest');\ninterestCalculatorPage.assertInterestAmount(90.0);\ninterestCalculatorPage.assertTotalAmount(10090.0);",
              "err": {},
              "uuid": "aa4136bc-9a9d-49bd-8377-dda3f76262b2",
              "parentUUID": "ba6ba4be-de23-4727-9cb8-b4bd68987629",
              "isHook": false,
              "skipped": false
            },
            {
              "title": "Should throw alert for missing interest calculator field",
              "fullTitle": "Interest Calculator Functionality Should throw alert for missing interest calculator field",
              "timedOut": null,
              "duration": 0,
              "state": "pending",
              "speed": null,
              "pass": false,
              "fail": false,
              "pending": true,
              "context": null,
              "code": "const principalAmount = 10000;\nconst interestDuration = 'Monthly';\ncy.log(`Selecting principal amount: ${principalAmount}`);\ninterestCalculatorPage.selectPrincipalAmount(principalAmount);\ncy.log(`Selecting interest duration: ${interestDuration}`);\ninterestCalculatorPage.selectInterestDuration(interestDuration);\ncy.log('Clicking mandatory consent checkbox');\ninterestCalculatorPage.clickMandatoryConsentCheckbox();\ninterestCalculatorPage.clickCalculateButton();\ncy.log('Asserting alert for missing interest rate');\n// cy.on('window:alert', (alertText) => {\n//   expect(alertText).to.include('Please fill in all fields.');\n// });\n// interestCalculatorPage.assertAlertForMissingInterestRate();",
              "err": {},
              "uuid": "2eca7322-1293-4022-8118-da515210a877",
              "parentUUID": "ba6ba4be-de23-4727-9cb8-b4bd68987629",
              "isHook": false,
              "skipped": false
            },
            {
              "title": "Should Throw error if interest rate is more than 15",
              "fullTitle": "Interest Calculator Functionality Should Throw error if interest rate is more than 15",
              "timedOut": null,
              "duration": 0,
              "state": "pending",
              "speed": null,
              "pass": false,
              "fail": false,
              "pending": true,
              "context": null,
              "code": "const principalAmount = 10000;\nconst interestRate = 16;\nconst interestDuration = 'Monthly';\ncy.log(`Selecting principal amount: ${principalAmount}`);\ninterestCalculatorPage.selectPrincipalAmount(principalAmount);\ncy.log(`Selecting interest rate: ${interestRate}%`);\ninterestCalculatorPage.clickSelectInterestRateDropdownButton();\ninterestCalculatorPage.selectInterestRateCheckbox(interestRate);\nutilities.clickOutsideBody();\ncy.log(`Selecting interest duration: ${interestDuration}`);\ninterestCalculatorPage.selectInterestDuration(interestDuration);\ncy.log('Clicking mandatory consent checkbox');\ninterestCalculatorPage.clickMandatoryConsentCheckbox();\ninterestCalculatorPage.clickCalculateButton();\ncy.log('Asserting total amount with interest');",
              "err": {},
              "uuid": "d8342ed8-a66a-462d-bd9b-3f477c827af4",
              "parentUUID": "ba6ba4be-de23-4727-9cb8-b4bd68987629",
              "isHook": false,
              "skipped": false
            }
          ],
          "suites": [],
          "passes": [
            "aa4136bc-9a9d-49bd-8377-dda3f76262b2"
          ],
          "failures": [],
          "pending": [
            "2eca7322-1293-4022-8118-da515210a877",
            "d8342ed8-a66a-462d-bd9b-3f477c827af4"
          ],
          "skipped": [],
          "duration": 2214,
          "root": false,
          "rootEmpty": false,
          "_timeout": 2000
        }
      ],
      "passes": [],
      "failures": [],
      "pending": [],
      "skipped": [],
      "duration": 0,
      "root": true,
      "rootEmpty": true,
      "_timeout": 2000
    },
    {
      "uuid": "27caa99c-9b12-430e-893a-1946fc0e413b",
      "title": "",
      "fullFile": "cypress/e2e/TestCases/LoginTest.cy.ts",
      "file": "cypress/e2e/TestCases/LoginTest.cy.ts",
      "beforeHooks": [],
      "afterHooks": [],
      "tests": [],
      "suites": [
        {
          "uuid": "c88e7d68-54cd-44c4-b789-e2e8aec219bd",
          "title": "User Login Functionality - Positive and Negative Scenarios",
          "fullFile": "",
          "file": "",
          "beforeHooks": [],
          "afterHooks": [],
          "tests": [
            {
              "title": "Should allow login with valid credentials",
              "fullTitle": "User Login Functionality - Positive and Negative Scenarios Should allow login with valid credentials",
              "timedOut": null,
              "duration": 1536,
              "state": "passed",
              "speed": "fast",
              "pass": true,
              "fail": false,
              "pending": false,
              "context": null,
              "code": "cy.log('Assert the landing page title');\nloginPage.assertTitle('Ten10TechTest');\ncy.log('Login with valid credentials');\nloginPage.enterLoginUsername(username);\nloginPage.enterLoginPassword(password);\nloginPage.checkRememberMe();\nloginPage.clickLogin();\ncy.log('Assert successful login');\nloginPage.assertSuccessfulLogin(username);",
              "err": {},
              "uuid": "1c9a915b-7ecf-489b-be05-832830007eb6",
              "parentUUID": "c88e7d68-54cd-44c4-b789-e2e8aec219bd",
              "isHook": false,
              "skipped": false
            },
            {
              "title": "Should not allow login with invalid credentials",
              "fullTitle": "User Login Functionality - Positive and Negative Scenarios Should not allow login with invalid credentials",
              "timedOut": null,
              "duration": 1194,
              "state": "passed",
              "speed": "fast",
              "pass": true,
              "fail": false,
              "pending": false,
              "context": null,
              "code": "cy.log('Assert the landing page title');\nloginPage.assertTitle('Ten10TechTest');\ncy.log('Login with valid credentials');\nloginPage.enterLoginUsername(username);\nloginPage.enterLoginPassword(invalidPassword);\nloginPage.checkRememberMe();\nloginPage.clickLogin();\ncy.log('Assert Invalid login Error message');\nloginPage.assertLoginError(_fixtures_testData__WEBPACK_IMPORTED_MODULE_2__.LoginTestData.invalidLoginErrorMessage);",
              "err": {},
              "uuid": "734ae75e-80f0-4826-973f-65809b936e26",
              "parentUUID": "c88e7d68-54cd-44c4-b789-e2e8aec219bd",
              "isHook": false,
              "skipped": false
            },
            {
              "title": "Should logout the user and redirect to login",
              "fullTitle": "User Login Functionality - Positive and Negative Scenarios Should logout the user and redirect to login",
              "timedOut": null,
              "duration": 1610,
              "state": "passed",
              "speed": "fast",
              "pass": true,
              "fail": false,
              "pending": false,
              "context": null,
              "code": "utilities.validLoginMethod(username, password);\ncy.log('Assert successful login');\nloginPage.assertSuccessfulLogin(username);\ncy.log('Click on logout button');\nloginPage.clickOnLogoutButton();\ncy.log('Assert user is redirected to login page');\nloginPage.assertTitle('Ten10TechTest');\nutilities.assertLandingPageUrl('/Account/Login');",
              "err": {},
              "uuid": "a7ad7a69-673b-4203-a6f7-37a7fdd1db62",
              "parentUUID": "c88e7d68-54cd-44c4-b789-e2e8aec219bd",
              "isHook": false,
              "skipped": false
            }
          ],
          "suites": [],
          "passes": [
            "1c9a915b-7ecf-489b-be05-832830007eb6",
            "734ae75e-80f0-4826-973f-65809b936e26",
            "a7ad7a69-673b-4203-a6f7-37a7fdd1db62"
          ],
          "failures": [],
          "pending": [],
          "skipped": [],
          "duration": 4340,
          "root": false,
          "rootEmpty": false,
          "_timeout": 2000
        },
        {
          "uuid": "ff798933-a533-4753-9a6c-845f93ccab3a",
          "title": "User Registration scenarios ",
          "fullFile": "",
          "file": "",
          "beforeHooks": [],
          "afterHooks": [],
          "tests": [
            {
              "title": "Should be able to register with valid credentials",
              "fullTitle": "User Registration scenarios  Should be able to register with valid credentials",
              "timedOut": null,
              "duration": 0,
              "state": "pending",
              "speed": null,
              "pass": false,
              "fail": false,
              "pending": true,
              "context": null,
              "code": "cy.visit('http://3.8.242.61/');\nloginPage.clickRegisterButtonOnHome();\nloginPage.assertRegistrationPageHeader('Register');\nloginPage.enterRegisterUsername(_fixtures_testData__WEBPACK_IMPORTED_MODULE_2__.LoginTestData.registerUsername);\nloginPage.enterRegisterPassword(_fixtures_testData__WEBPACK_IMPORTED_MODULE_2__.LoginTestData.registerPassword);\nloginPage.enterConfirmPassword(_fixtures_testData__WEBPACK_IMPORTED_MODULE_2__.LoginTestData.registerConfirmPassword);\ncy.log('Assert registration confirmation page');\nloginPage.clickRegisterButtonSubmit();\nloginPage.assertRegistrationConfirmationPage();",
              "err": {},
              "uuid": "efddba49-5440-4802-ad87-f80ea8e7e934",
              "parentUUID": "ff798933-a533-4753-9a6c-845f93ccab3a",
              "isHook": false,
              "skipped": false
            },
            {
              "title": "Should see error message for the registered user",
              "fullTitle": "User Registration scenarios  Should see error message for the registered user",
              "timedOut": null,
              "duration": 0,
              "state": "pending",
              "speed": null,
              "pass": false,
              "fail": false,
              "pending": true,
              "context": null,
              "code": "// TODO - Implement the test case to check for error message when trying to register with an already registered username",
              "err": {},
              "uuid": "8299cc6f-7185-46de-93d9-2fa536b6bee9",
              "parentUUID": "ff798933-a533-4753-9a6c-845f93ccab3a",
              "isHook": false,
              "skipped": false
            }
          ],
          "suites": [],
          "passes": [],
          "failures": [],
          "pending": [
            "efddba49-5440-4802-ad87-f80ea8e7e934",
            "8299cc6f-7185-46de-93d9-2fa536b6bee9"
          ],
          "skipped": [],
          "duration": 0,
          "root": false,
          "rootEmpty": false,
          "_timeout": 2000
        }
      ],
      "passes": [],
      "failures": [],
      "pending": [],
      "skipped": [],
      "duration": 0,
      "root": true,
      "rootEmpty": true,
      "_timeout": 2000
    }
  ],
  "meta": {
    "mocha": {
      "version": "7.2.0"
    },
    "mochawesome": {
      "options": {
        "quiet": false,
        "reportFilename": "mochawesome",
        "saveHtml": false,
        "saveJson": true,
        "consoleReporter": "spec",
        "useInlineDiffs": false,
        "code": true
      },
      "version": "7.1.3"
    },
    "marge": {
      "options": {
        "reportDir": "cypress/reports/mochawesome",
        "overwrite": false,
        "html": false,
        "json": true
      },
      "version": "6.2.0"
    }
  }
}